Trying the following /usr/bin/xattr -d com.apple.quarantine with path /Library/Application Support/Perceptive Automation/Indigo 2023.2/Plugins/Example Device - Sensor.indigoPluginxattr command not found, ensure it is available and in the PATH
Trying the following /usr/bin/xattr -d com.apple.quarantine with path /Library/Application Support/Perceptive Automation/Indigo 2023.2/Plugins/DIRECTV DVR Control.indigoPluginxattr command not found, ensure it is available and in the PATH
Trying the following /usr/bin/xattr -d com.apple.quarantine with path /Library/Application Support/Perceptive Automation/Indigo 2023.2/Plugins/LEDeffects.indigoPluginxattr command not found, ensure it is available and in the PATH
Trying the following /usr/bin/xattr -d com.apple.quarantine with path /Library/Application Support/Perceptive Automation/Indigo 2023.2/Plugins/Multitool.indigoPluginxattr command not found, ensure it is available and in the PATH
Trying the following /usr/bin/xattr -d com.apple.quarantine with path /Library/Application Support/Perceptive Automation/Indigo 2023.2/Plugins/Virtual Devices.indigoPluginxattr command not found, ensure it is available and in the PATH
Trying the following /usr/bin/xattr -d com.apple.quarantine with path /Library/Application Support/Perceptive Automation/Indigo 2023.2/Plugins/QuarantineTrigger.indigoPluginxattr command not found, ensure it is available and in the PATH
Trying the following /usr/bin/xattr -d com.apple.quarantine with path /Library/Application Support/Perceptive Automation/Indigo 2023.2/Plugins/SunRise.indigoPluginxattr command not found, ensure it is available and in the PATH
Trying the following /usr/bin/xattr -d com.apple.quarantine with path /Library/Application Support/Perceptive Automation/Indigo 2023.2/Plugins/Example Device - Relay and Dimmer.indigoPluginxattr command not found, ensure it is available and in the PATH
Trying the following /usr/bin/xattr -d com.apple.quarantine with path /Library/Application Support/Perceptive Automation/Indigo 2023.2/Plugins/Example Device - Thermostat.indigoPluginxattr command not found, ensure it is available and in the PATH
Trying the following /usr/bin/xattr -d com.apple.quarantine with path /Library/Application Support/Perceptive Automation/Indigo 2023.2/Plugins/ESPHome4Indigo.indigoPluginxattr command not found, ensure it is available and in the PATH
Trying the following /usr/bin/xattr -d com.apple.quarantine with path /Library/Application Support/Perceptive Automation/Indigo 2023.2/Plugins/Email+.indigoPluginxattr command not found, ensure it is available and in the PATH
Trying the following /usr/bin/xattr -d com.apple.quarantine with path /Library/Application Support/Perceptive Automation/Indigo 2023.2/Plugins/WeatherFlow.indigoPluginxattr command not found, ensure it is available and in the PATH
Trying the following /usr/bin/xattr -d com.apple.quarantine with path /Library/Application Support/Perceptive Automation/Indigo 2023.2/Plugins/XBMC.indigoPluginxattr command not found, ensure it is available and in the PATH
Trying the following /usr/bin/xattr -d com.apple.quarantine with path /Library/Application Support/Perceptive Automation/Indigo 2023.2/Plugins/Example Device - Sprinkler.indigoPluginxattr command not found, ensure it is available and in the PATH
Trying the following /usr/bin/xattr -d com.apple.quarantine with path /Library/Application Support/Perceptive Automation/Indigo 2023.2/Plugins/Timers and Pesters.indigoPluginxattr command not found, ensure it is available and in the PATH
Trying the following /usr/bin/xattr -d com.apple.quarantine with path /Library/Application Support/Perceptive Automation/Indigo 2023.2/Plugins/Sensor Stats.indigoPluginxattr command not found, ensure it is available and in the PATH
Trying the following /usr/bin/xattr -d com.apple.quarantine with path /Library/Application Support/Perceptive Automation/Indigo 2023.2/Plugins/Beacon.indigoPluginxattr command not found, ensure it is available and in the PATH
Trying the following /usr/bin/xattr -d com.apple.quarantine with path /Library/Application Support/Perceptive Automation/Indigo 2023.2/Plugins/Occupatum.indigoPluginxattr command not found, ensure it is available and in the PATH
Trying the following /usr/bin/xattr -d com.apple.quarantine with path /Library/Application Support/Perceptive Automation/Indigo 2023.2/Plugins/Masquerade 3.indigoPluginxattr command not found, ensure it is available and in the PATH
Trying the following /usr/bin/xattr -d com.apple.quarantine with path /Library/Application Support/Perceptive Automation/Indigo 2023.2/Plugins (Disabled)/Cynical Behaviors.indigoPluginxattr command not found, ensure it is available and in the PATH
Trying the following /usr/bin/xattr -d com.apple.quarantine with path /Library/Application Support/Perceptive Automation/Indigo 2023.2/Plugins (Disabled)/ZwaveWatcher.indigoPluginxattr command not found, ensure it is available and in the PATH
Trying the following /usr/bin/xattr -d com.apple.quarantine with path /Library/Application Support/Perceptive Automation/Indigo 2023.2/Plugins (Disabled)/SipuraVOIP.indigoPluginxattr command not found, ensure it is available and in the PATH
Trying the following /usr/bin/xattr -d com.apple.quarantine with path /Library/Application Support/Perceptive Automation/Indigo 2023.2/Plugins (Disabled)/DSC Alarm.indigoPluginxattr command not found, ensure it is available and in the PATH
Trying the following /usr/bin/xattr -d com.apple.quarantine with path /Library/Application Support/Perceptive Automation/Indigo 2023.2/Plugins (Disabled)/Growl.indigoPluginxattr command not found, ensure it is available and in the PATH
Trying the following /usr/bin/xattr -d com.apple.quarantine with path /Library/Application Support/Perceptive Automation/Indigo 2023.2/Plugins (Disabled)/WLED.indigoPluginxattr command not found, ensure it is available and in the PATH
Trying the following /usr/bin/xattr -d com.apple.quarantine with path /Library/Application Support/Perceptive Automation/Indigo 2023.2/Plugins (Disabled)/Tesla Control.indigoPluginxattr command not found, ensure it is available and in the PATH
Trying the following /usr/bin/xattr -d com.apple.quarantine with path /Library/Application Support/Perceptive Automation/Indigo 2023.2/Plugins (Disabled)/EmbyPlugin.indigoPluginxattr command not found, ensure it is available and in the PATH
Trying the following /usr/bin/xattr -d com.apple.quarantine with path /Library/Application Support/Perceptive Automation/Indigo 2023.2/Plugins (Disabled)/Volvo.indigoPluginxattr command not found, ensure it is available and in the PATH
Trying the following /usr/bin/xattr -d com.apple.quarantine with path /Library/Application Support/Perceptive Automation/Indigo 2023.2/Plugins (Disabled)/ActronQUE.indigoPluginxattr command not found, ensure it is available and in the PATH
Trying the following /usr/bin/xattr -d com.apple.quarantine with path /Library/Application Support/Perceptive Automation/Indigo 2023.2/Plugins (Disabled)/HarmonyHub.indigoPluginxattr command not found, ensure it is available and in the PATH
Trying the following /usr/bin/xattr -d com.apple.quarantine with path /Library/Application Support/Perceptive Automation/Indigo 2023.2/Plugins (Disabled)/GhostXML.indigoPluginxattr command not found, ensure it is available and in the PATH
Trying the following /usr/bin/xattr -d com.apple.quarantine with path /Library/Application Support/Perceptive Automation/Indigo 2023.2/Plugins (Disabled)/Pioneer Receiver.indigoPluginxattr command not found, ensure it is available and in the PATH
Trying the following /usr/bin/xattr -d com.apple.quarantine with path /Library/Application Support/Perceptive Automation/Indigo 2023.2/Plugins (Disabled)/EPS Alarm Clock.indigoPluginxattr command not found, ensure it is available and in the PATH
Trying the following /usr/bin/xattr -d com.apple.quarantine with path /Library/Application Support/Perceptive Automation/Indigo 2023.2/Plugins (Disabled)/Sonos.indigoPluginxattr command not found, ensure it is available and in the PATH
Trying the following /usr/bin/xattr -d com.apple.quarantine with path /Library/Application Support/Perceptive Automation/Indigo 2023.2/Plugins (Disabled)/thingspeak.indigoPluginxattr command not found, ensure it is available and in the PATH
Trying the following /usr/bin/xattr -d com.apple.quarantine with path /Library/Application Support/Perceptive Automation/Indigo 2023.2/Plugins (Disabled)/BlueIris.indigoPluginxattr command not found, ensure it is available and in the PATH
Trying the following /usr/bin/xattr -d com.apple.quarantine with path /Library/Application Support/Perceptive Automation/Indigo 2023.2/Plugins (Disabled)/foscam.indigoPluginxattr command not found, ensure it is available and in the PATH
Trying the following /usr/bin/xattr -d com.apple.quarantine with path /Library/Application Support/Perceptive Automation/Indigo 2023.2/Plugins (Disabled)/piBeacon.indigoPluginxattr command not found, ensure it is available and in the PATH
Trying the following /usr/bin/xattr -d com.apple.quarantine with path /Library/Application Support/Perceptive Automation/Indigo 2023.2/Plugins (Disabled)/ScheduleCatchup.indigoPluginxattr command not found, ensure it is available and in the PATH
Trying the following /usr/bin/xattr -d com.apple.quarantine with path /Library/Application Support/Perceptive Automation/Indigo 2023.2/Plugins (Disabled)/Hue Lights.indigoPluginxattr command not found, ensure it is available and in the PATH
Trying the following /usr/bin/xattr -d com.apple.quarantine with path /Library/Application Support/Perceptive Automation/Indigo 2023.2/Plugins (Disabled)/Fibaro RGB Lights.indigoPluginxattr command not found, ensure it is available and in the PATH
Trying the following /usr/bin/xattr -d com.apple.quarantine with path /Library/Application Support/Perceptive Automation/Indigo 2023.2/Plugins (Disabled)/WinRemote.indigoPluginxattr command not found, ensure it is available and in the PATH
Trying the following /usr/bin/xattr -d com.apple.quarantine with path /Library/Application Support/Perceptive Automation/Indigo 2023.2/Plugins (Disabled)/iRobot-Roomba.indigoPluginxattr command not found, ensure it is available and in the PATH
Trying the following /usr/bin/xattr -d com.apple.quarantine with path /Library/Application Support/Perceptive Automation/Indigo 2023.2/Plugins (Disabled)/miniPLOT.indigoPluginxattr command not found, ensure it is available and in the PATH
Trying the following /usr/bin/xattr -d com.apple.quarantine with path /Library/Application Support/Perceptive Automation/Indigo 2023.2/Plugins (Disabled)/TeslaBattery.indigoPluginxattr command not found, ensure it is available and in the PATH
Trying the following /usr/bin/xattr -d com.apple.quarantine with path /Library/Application Support/Perceptive Automation/Indigo 2023.2/Plugins (Disabled)/HPiLO.indigoPluginxattr command not found, ensure it is available and in the PATH
Trying the following /usr/bin/xattr -d com.apple.quarantine with path /Library/Application Support/Perceptive Automation/Indigo 2023.2/Plugins (Disabled)/Timed Devices.indigoPluginxattr command not found, ensure it is available and in the PATH
Trying the following /usr/bin/xattr -d com.apple.quarantine with path /Library/Application Support/Perceptive Automation/Indigo 2023.2/Plugins (Disabled)/OpenAPLR.indigoPluginxattr command not found, ensure it is available and in the PATH
Trying the following /usr/bin/xattr -d com.apple.quarantine with path /Library/Application Support/Perceptive Automation/Indigo 2023.2/Plugins (Disabled)/WeatherFlow.indigoPluginxattr command not found, ensure it is available and in the PATH
Trying the following /usr/bin/xattr -d com.apple.quarantine with path /Library/Application Support/Perceptive Automation/Indigo 2023.2/Plugins (Disabled)/Global Property Manager.indigoPluginxattr command not found, ensure it is available and in the PATH
Trying the following /usr/bin/xattr -d com.apple.quarantine with path /Library/Application Support/Perceptive Automation/Indigo 2023.2/Plugins (Disabled)/EnphaseEnvoy.indigoPluginxattr command not found, ensure it is available and in the PATH
Trying the following /usr/bin/xattr -d com.apple.quarantine with path /Library/Application Support/Perceptive Automation/Indigo 2023.2/Plugins (Disabled)/EPS Security Manager.indigoPluginxattr command not found, ensure it is available and in the PATH
Trying the following /usr/bin/xattr -d com.apple.quarantine with path /Library/Application Support/Perceptive Automation/Indigo 2023.2/Plugins (Disabled)/Phidgets.indigoPluginxattr command not found, ensure it is available and in the PATH
Trying the following /usr/bin/xattr -d com.apple.quarantine with path /Library/Application Support/Perceptive Automation/Indigo 2023.2/Plugins (Disabled)/PowerSave.indigoPluginxattr command not found, ensure it is available and in the PATH
Trying the following /usr/bin/xattr -d com.apple.quarantine with path /Library/Application Support/Perceptive Automation/Indigo 2023.2/Plugins (Disabled)/Image Analysis.indigoPluginxattr command not found, ensure it is available and in the PATH
Trying the following /usr/bin/xattr -d com.apple.quarantine with path /Library/Application Support/Perceptive Automation/Indigo 2023.2/Plugins (Disabled)/Cynical SecuritySpy.indigoPluginxattr command not found, ensure it is available and in the PATH
Trying the following /usr/bin/xattr -d com.apple.quarantine with path /Library/Application Support/Perceptive Automation/Indigo 2023.2/Plugins (Disabled)/Cynical Network.indigoPluginxattr command not found, ensure it is available and in the PATH
Trying the following /usr/bin/xattr -d com.apple.quarantine with path /Library/Application Support/Perceptive Automation/Indigo 2023.2/Plugins (Disabled)/iFindFriendsMini.indigoPluginxattr command not found, ensure it is available and in the PATH
Trying the following /usr/bin/xattr -d com.apple.quarantine with path /Library/Application Support/Perceptive Automation/Indigo 2023.2/Plugins (Disabled)/NEST Home 3.indigoPluginxattr command not found, ensure it is available and in the PATH
Trying the following /usr/bin/xattr -d com.apple.quarantine with path /Library/Application Support/Perceptive Automation/Indigo 2023.2/Plugins (Disabled)/Cynical Weather.indigoPluginxattr command not found, ensure it is available and in the PATH
Trying the following /usr/bin/xattr -d com.apple.quarantine with path /Library/Application Support/Perceptive Automation/Indigo 2023.2/Plugins (Disabled)/ParadoxAlarm.indigoPluginxattr command not found, ensure it is available and in the PATH
Trying the following /usr/bin/xattr -d com.apple.quarantine with path /Library/Application Support/Perceptive Automation/Indigo 2023.2/Plugins (Disabled)/Alexa.indigoPluginxattr command not found, ensure it is available and in the PATH
Trying the following /usr/bin/xattr -d com.apple.quarantine with path /Library/Application Support/Perceptive Automation/Indigo 2023.2/Plugins (Disabled)/RFXCOM.indigoPluginxattr command not found, ensure it is available and in the PATH
Trying the following /usr/bin/xattr -d com.apple.quarantine with path /Library/Application Support/Perceptive Automation/Indigo 2023.2/Plugins (Disabled)/INDIGOplotD.indigoPluginxattr command not found, ensure it is available and in the PATH
Trying the following /usr/bin/xattr -d com.apple.quarantine with path /Library/Application Support/Perceptive Automation/Indigo 2023.2/Plugins (Disabled)/Cynical Caché.indigoPluginxattr command not found, ensure it is available and in the PATH
Trying the following /usr/bin/xattr -d com.apple.quarantine with path /Library/Application Support/Perceptive Automation/Indigo 2023.2/Plugins (Disabled)/Airfoil Pro.indigoPluginxattr command not found, ensure it is available and in the PATH
Trying the following /usr/bin/xattr -d com.apple.quarantine with path /Library/Application Support/Perceptive Automation/Indigo 2023.2/Plugins (Disabled)/EPS Device Extensions.indigoPluginxattr command not found, ensure it is available and in the PATH
Trying the following /usr/bin/xattr -d com.apple.quarantine with path /Library/Application Support/Perceptive Automation/Indigo 2023.2/Plugins (Disabled)/VSS.indigoPluginxattr: [Errno 13] Permission denied: '/Library/Application Support/Perceptive Automation/Indigo 2023.2/Plugins (Disabled)/Sonos.indigoPlugin/Contents/Server Plugin/lame/intel/lame'
xattr: [Errno 13] Permission denied: '/Library/Application Support/Perceptive Automation/Indigo 2023.2/Plugins (Disabled)/User Scripts.indigoPlugin/Contents/.svn/entries'
xattr: [Errno 13] Permission denied: '/Library/Application Support/Perceptive Automation/Indigo 2023.2/Plugins (Disabled)/User Scripts.indigoPlugin/Contents/.svn/props/Info.plist.svn-work'
xattr: [Errno 13] Permission denied: '/Library/Application Support/Perceptive Automation/Indigo 2023.2/Plugins (Disabled)/User Scripts.indigoPlugin/Contents/Menu Items/.svn/entries'
xattr: [Errno 13] Permission denied: '/Library/Application Support/Perceptive Automation/Indigo 2023.2/Plugins (Disabled)/User Scripts.indigoPlugin/Contents/Menu Items/.svn/props/AppleScript Hello World.scpt.svn-work'
xattr: [Errno 13] Permission denied: '/Library/Application Support/Perceptive Automation/Indigo 2023.2/Plugins (Disabled)/User Scripts.indigoPlugin/.svn/entries'
xattr command not found, ensure it is available and in the PATH
Trying the following /usr/bin/xattr -d com.apple.quarantine with path /Library/Application Support/Perceptive Automation/Indigo 2023.2/Plugins (Disabled)/geckoSpa.indigoPluginxattr command not found, ensure it is available and in the PATH
Trying the following /usr/bin/xattr -d com.apple.quarantine with path /Library/Application Support/Perceptive Automation/Indigo 2023.2/Plugins (Disabled)/NOAA Weather.indigoPluginxattr command not found, ensure it is available and in the PATH
Trying the following /usr/bin/xattr -d com.apple.quarantine with path /Library/Application Support/Perceptive Automation/Indigo 2023.2/Plugins (Disabled)/Simplisafe.indigoPluginxattr command not found, ensure it is available and in the PATH
Trying the following /usr/bin/xattr -d com.apple.quarantine with path /Library/Application Support/Perceptive Automation/Indigo 2023.2/Plugins (Disabled)/SQL Logger.indigoPluginxattr command not found, ensure it is available and in the PATH
Trying the following /usr/bin/xattr -d com.apple.quarantine with path /Library/Application Support/Perceptive Automation/Indigo 2023.2/Plugins (Disabled)/EasyDAQ USB Relay Cards.indigoPluginxattr command not found, ensure it is available and in the PATH
Trying the following /usr/bin/xattr -d com.apple.quarantine with path /Library/Application Support/Perceptive Automation/Indigo 2023.2/Plugins (Disabled)/PluginUpdater.indigoPluginxattr command not found, ensure it is available and in the PATH
Trying the following /usr/bin/xattr -d com.apple.quarantine with path /Library/Application Support/Perceptive Automation/Indigo 2023.2/Plugins (Disabled)/Cynical Calendars.indigoPluginxattr command not found, ensure it is available and in the PATH
Trying the following /usr/bin/xattr -d com.apple.quarantine with path /Library/Application Support/Perceptive Automation/Indigo 2023.2/Plugins (Disabled)/ZoneManager.indigoPluginxattr command not found, ensure it is available and in the PATH
Trying the following /usr/bin/xattr -d com.apple.quarantine with path /Library/Application Support/Perceptive Automation/Indigo 2023.2/Plugins (Disabled)/HomeKitLink-Siri.indigoPluginxattr command not found, ensure it is available and in the PATH
Trying the following /usr/bin/xattr -d com.apple.quarantine with path /Library/Application Support/Perceptive Automation/Indigo 2023.2/Plugins (Disabled)/EPS HomeKit Bridge.indigoPluginxattr command not found, ensure it is available and in the PATH
Trying the following /usr/bin/xattr -d com.apple.quarantine with path /Library/Application Support/Perceptive Automation/Indigo 2023.2/Plugins (Disabled)/Alexa-Hue Bridge.indigoPluginxattr command not found, ensure it is available and in the PATH
Trying the following /usr/bin/xattr -d com.apple.quarantine with path /Library/Application Support/Perceptive Automation/Indigo 2023.2/Plugins (Disabled)/iMessage.indigoPluginxattr command not found, ensure it is available and in the PATH
Trying the following /usr/bin/xattr -d com.apple.quarantine with path /Library/Application Support/Perceptive Automation/Indigo 2023.2/Plugins (Disabled)/DomoPad Mobile Client Plugin.indigoPluginxattr command not found, ensure it is available and in the PATH
Trying the following /usr/bin/xattr -d com.apple.quarantine with path /Library/Application Support/Perceptive Automation/Indigo 2023.2/Plugins (Disabled)/Announcer.indigoPluginxattr command not found, ensure it is available and in the PATH
Trying the following /usr/bin/xattr -d com.apple.quarantine with path /Library/Application Support/Perceptive Automation/Indigo 2023.2/Plugins (Disabled)/Airfoil.indigoPluginxattr command not found, ensure it is available and in the PATH
Trying the following /usr/bin/xattr -d com.apple.quarantine with path /Library/Application Support/Perceptive Automation/Indigo 2023.2/Plugins (Disabled)/WeatherSnoop.indigoPluginxattr command not found, ensure it is available and in the PATH
Trying the following /usr/bin/xattr -d com.apple.quarantine with path /Library/Application Support/Perceptive Automation/Indigo 2023.2/Plugins (Disabled)/iTunes.indigoPluginxattr command not found, ensure it is available and in the PATH
Trying the following /usr/bin/xattr -d com.apple.quarantine with path /Library/Application Support/Perceptive Automation/Indigo 2023.2/Plugins (Disabled)/appleTV.indigoPluginxattr command not found, ensure it is available and in the PATH
Trying the following /usr/bin/xattr -d com.apple.quarantine with path /Library/Application Support/Perceptive Automation/Indigo 2023.2/Plugins (Disabled)/Onkyo Network Remote.indigoPluginxattr command not found, ensure it is available and in the PATH
Trying the following /usr/bin/xattr -d com.apple.quarantine with path /Library/Application Support/Perceptive Automation/Indigo 2023.2/Plugins (Disabled)/DeepQuestAI.indigoPluginxattr command not found, ensure it is available and in the PATH
Trying the following /usr/bin/xattr -d com.apple.quarantine with path /Library/Application Support/Perceptive Automation/Indigo 2023.2/Plugins (Disabled)/User Scripts.indigoPluginxattr command not found, ensure it is available and in the PATH
Trying the following /usr/bin/xattr -d com.apple.quarantine with path /Library/Application Support/Perceptive Automation/Indigo 2023.2/Plugins (Disabled)/iCal Alarm Processor.indigoPluginxattr command not found, ensure it is available and in the PATH
Trying the following /usr/bin/xattr -d com.apple.quarantine with path /Library/Application Support/Perceptive Automation/Indigo 2023.2/Plugins (Disabled)/uniFiAP.indigoPluginxattr command not found, ensure it is available and in the PATH
Successfully removed quarantine attribute recursively from /Library/Application Support/Perceptive Automation/Indigo 2023.2/Plugins directory
Failed to remove quarantine attribute recursively: Command '/usr/bin/xattr -rd com.apple.quarantine '/Library/Application Support/Perceptive Automation/Indigo 2023.2/Plugins (Disabled)'' returned non-zero exit status 1.
